Connecting to database specified by database.yml
Connecting to database specified by database.yml
Connecting to database specified by database.yml
Connecting to database specified by database.yml
Connecting to database specified by database.yml
Connecting to database specified by database.yml
Connecting to database specified by database.yml
Connecting to database specified by database.yml
Connecting to database specified by database.yml
Connecting to database specified by database.yml
Connecting to database specified by database.yml
Connecting to database specified by database.yml
Connecting to database specified by database.yml
Compiled active_admin.js  (0ms)  (pid 12275)
Compiled jquery.js  (3ms)  (pid 12275)
Compiled jquery_ujs.js  (0ms)  (pid 12275)
Compiled bootstrap-transition.js  (0ms)  (pid 12275)
Compiled bootstrap-affix.js  (0ms)  (pid 12275)
Compiled bootstrap-alert.js  (2ms)  (pid 12275)
Compiled bootstrap-button.js  (0ms)  (pid 12275)
Compiled bootstrap-carousel.js  (0ms)  (pid 12275)
Compiled bootstrap-collapse.js  (0ms)  (pid 12275)
Compiled bootstrap-dropdown.js  (2ms)  (pid 12275)
Compiled bootstrap-modal.js  (0ms)  (pid 12275)
Compiled bootstrap-scrollspy.js  (0ms)  (pid 12275)
Compiled bootstrap-tab.js  (0ms)  (pid 12275)
Compiled bootstrap-tooltip.js  (0ms)  (pid 12275)
Compiled bootstrap-popover.js  (0ms)  (pid 12275)
Compiled bootstrap-typeahead.js  (0ms)  (pid 12275)
Compiled bootstrap.js  (371ms)  (pid 12275)
Compiled comments.js  (227ms)  (pid 12275)
Compiled password_resets.js  (181ms)  (pid 12275)
Compiled posts.js  (184ms)  (pid 12275)
Compiled tag.js  (189ms)  (pid 12275)
Compiled user.js  (209ms)  (pid 12275)
Compiled application.js  (1563ms)  (pid 12275)
Compiled active_admin.css  (4909ms)  (pid 12275)
Compiled password_resets.css  (3ms)  (pid 12275)
Compiled posts.css  (5ms)  (pid 12275)
Compiled scaffolds.css  (4669ms)  (pid 12275)
Compiled jquery.ui.core.css  (3ms)  (pid 12275)
Compiled jquery.ui.theme.css  (659ms)  (pid 12275)
Compiled jquery.ui.accordion.css  (677ms)  (pid 12275)
Compiled jquery.ui.menu.css  (7ms)  (pid 12275)
Compiled jquery.ui.autocomplete.css  (29ms)  (pid 12275)
Compiled jquery.ui.button.css  (8ms)  (pid 12275)
Compiled jquery.ui.datepicker.css  (9ms)  (pid 12275)
Compiled jquery.ui.resizable.css  (7ms)  (pid 12275)
Compiled jquery.ui.dialog.css  (33ms)  (pid 12275)
Compiled jquery.ui.progressbar.css  (20ms)  (pid 12275)
Compiled jquery.ui.selectable.css  (6ms)  (pid 12275)
Compiled jquery.ui.slider.css  (7ms)  (pid 12275)
Compiled jquery.ui.spinner.css  (9ms)  (pid 12275)
Compiled jquery.ui.tabs.css  (7ms)  (pid 12275)
Compiled jquery.ui.tooltip.css  (6ms)  (pid 12275)
Compiled jquery.ui.base.css  (1171ms)  (pid 12275)
Compiled jquery.ui.all.css  (1189ms)  (pid 12275)
Compiled application.css  (5941ms)  (pid 12275)
Compiled active_admin/lib/namespace.js  (224ms)  (pid 12275)
Compiled active_admin/components/jquery.aa.checkbox-toggler.js  (231ms)  (pid 12275)
Compiled active_admin/components/jquery.aa.dropdown-menu.js  (342ms)  (pid 12275)
Compiled active_admin/components/jquery.aa.popover.js  (299ms)  (pid 12275)
Compiled active_admin/components/jquery.aa.table-checkbox-toggler.js  (260ms)  (pid 12275)
Compiled active_admin/pages/application.js  (208ms)  (pid 12275)
Compiled active_admin/pages/batch_actions.js  (344ms)  (pid 12275)
Compiled active_admin/application.js  (1985ms)  (pid 12275)
Compiled active_admin/print.css  (274ms)  (pid 12275)
Compiled active_admin.js  (0ms)  (pid 12275)
Compiled jquery.js  (3ms)  (pid 12275)
Compiled jquery_ujs.js  (0ms)  (pid 12275)
Compiled bootstrap-transition.js  (0ms)  (pid 12275)
Compiled bootstrap-affix.js  (0ms)  (pid 12275)
Compiled bootstrap-alert.js  (0ms)  (pid 12275)
Compiled bootstrap-button.js  (0ms)  (pid 12275)
Compiled bootstrap-carousel.js  (0ms)  (pid 12275)
Compiled bootstrap-collapse.js  (0ms)  (pid 12275)
Compiled bootstrap-dropdown.js  (0ms)  (pid 12275)
Compiled bootstrap-modal.js  (0ms)  (pid 12275)
Compiled bootstrap-scrollspy.js  (0ms)  (pid 12275)
Compiled bootstrap-tab.js  (0ms)  (pid 12275)
Compiled bootstrap-tooltip.js  (0ms)  (pid 12275)
Compiled bootstrap-popover.js  (0ms)  (pid 12275)
Compiled bootstrap-typeahead.js  (0ms)  (pid 12275)
Compiled bootstrap.js  (211ms)  (pid 12275)
Compiled comments.js  (195ms)  (pid 12275)
Compiled password_resets.js  (193ms)  (pid 12275)
Compiled posts.js  (242ms)  (pid 12275)
Compiled tag.js  (188ms)  (pid 12275)
Compiled user.js  (189ms)  (pid 12275)
Compiled application.js  (1294ms)  (pid 12275)
Compiled active_admin.css  (3039ms)  (pid 12275)
Compiled password_resets.css  (2ms)  (pid 12275)
Compiled posts.css  (4ms)  (pid 12275)
Compiled scaffolds.css  (3125ms)  (pid 12275)
Compiled jquery.ui.core.css  (2ms)  (pid 12275)
Compiled jquery.ui.theme.css  (16ms)  (pid 12275)
Compiled jquery.ui.accordion.css  (30ms)  (pid 12275)
Compiled jquery.ui.menu.css  (6ms)  (pid 12275)
Compiled jquery.ui.autocomplete.css  (78ms)  (pid 12275)
Compiled jquery.ui.button.css  (7ms)  (pid 12275)
Compiled jquery.ui.datepicker.css  (8ms)  (pid 12275)
Compiled jquery.ui.resizable.css  (6ms)  (pid 12275)
Compiled jquery.ui.dialog.css  (24ms)  (pid 12275)
Compiled jquery.ui.progressbar.css  (5ms)  (pid 12275)
Compiled jquery.ui.selectable.css  (5ms)  (pid 12275)
Compiled jquery.ui.slider.css  (6ms)  (pid 12275)
Compiled jquery.ui.spinner.css  (8ms)  (pid 12275)
Compiled jquery.ui.tabs.css  (6ms)  (pid 12275)
Compiled jquery.ui.tooltip.css  (5ms)  (pid 12275)
Compiled jquery.ui.base.css  (361ms)  (pid 12275)
Compiled jquery.ui.all.css  (373ms)  (pid 12275)
Compiled application.css  (3541ms)  (pid 12275)
Compiled active_admin/lib/namespace.js  (417ms)  (pid 12275)
Compiled active_admin/components/jquery.aa.checkbox-toggler.js  (329ms)  (pid 12275)
Compiled active_admin/components/jquery.aa.dropdown-menu.js  (428ms)  (pid 12275)
Compiled active_admin/components/jquery.aa.popover.js  (287ms)  (pid 12275)
Compiled active_admin/components/jquery.aa.table-checkbox-toggler.js  (226ms)  (pid 12275)
Compiled active_admin/pages/application.js  (199ms)  (pid 12275)
Compiled active_admin/pages/batch_actions.js  (263ms)  (pid 12275)
Compiled active_admin/application.js  (2230ms)  (pid 12275)
Compiled active_admin/print.css  (179ms)  (pid 12275)
Compiled active_admin.js  (0ms)  (pid 23365)
Compiled jquery.js  (16ms)  (pid 23365)
Compiled jquery_ujs.js  (0ms)  (pid 23365)
Compiled bootstrap-transition.js  (0ms)  (pid 23365)
Compiled bootstrap-affix.js  (99ms)  (pid 23365)
Compiled bootstrap-alert.js  (1ms)  (pid 23365)
Compiled bootstrap-button.js  (1ms)  (pid 23365)
Compiled bootstrap-carousel.js  (1ms)  (pid 23365)
Compiled bootstrap-collapse.js  (0ms)  (pid 23365)
Compiled bootstrap-dropdown.js  (0ms)  (pid 23365)
Compiled bootstrap-modal.js  (0ms)  (pid 23365)
Compiled bootstrap-scrollspy.js  (0ms)  (pid 23365)
Compiled bootstrap-tab.js  (0ms)  (pid 23365)
Compiled bootstrap-tooltip.js  (1ms)  (pid 23365)
Compiled bootstrap-popover.js  (0ms)  (pid 23365)
Compiled bootstrap-typeahead.js  (0ms)  (pid 23365)
Compiled bootstrap.js  (436ms)  (pid 23365)
Compiled comments.js  (242ms)  (pid 23365)
Compiled password_resets.js  (253ms)  (pid 23365)
Compiled posts.js  (247ms)  (pid 23365)
Compiled tag.js  (240ms)  (pid 23365)
Compiled user.js  (230ms)  (pid 23365)
Compiled application.js  (2146ms)  (pid 23365)
Compiled active_admin.css  (5462ms)  (pid 23365)
Compiled password_resets.css  (3ms)  (pid 23365)
Compiled posts.css  (6ms)  (pid 23365)
Compiled scaffolds.css  (5603ms)  (pid 23365)
Compiled jquery.ui.core.css  (173ms)  (pid 23365)
Compiled jquery.ui.theme.css  (462ms)  (pid 23365)
Compiled jquery.ui.accordion.css  (483ms)  (pid 23365)
Compiled jquery.ui.menu.css  (8ms)  (pid 23365)
Compiled jquery.ui.autocomplete.css  (33ms)  (pid 23365)
Compiled jquery.ui.button.css  (11ms)  (pid 23365)
Compiled jquery.ui.datepicker.css  (115ms)  (pid 23365)
Compiled jquery.ui.resizable.css  (7ms)  (pid 23365)
Compiled jquery.ui.dialog.css  (35ms)  (pid 23365)
Compiled jquery.ui.progressbar.css  (22ms)  (pid 23365)
Compiled jquery.ui.selectable.css  (6ms)  (pid 23365)
Compiled jquery.ui.slider.css  (7ms)  (pid 23365)
Compiled jquery.ui.spinner.css  (11ms)  (pid 23365)
Compiled jquery.ui.tabs.css  (7ms)  (pid 23365)
Compiled jquery.ui.tooltip.css  (6ms)  (pid 23365)
Compiled jquery.ui.base.css  (1222ms)  (pid 23365)
Compiled jquery.ui.all.css  (1242ms)  (pid 23365)
Compiled application.css  (6928ms)  (pid 23365)
Compiled active_admin/lib/namespace.js  (235ms)  (pid 23365)
Compiled active_admin/components/jquery.aa.checkbox-toggler.js  (306ms)  (pid 23365)
Compiled active_admin/components/jquery.aa.dropdown-menu.js  (339ms)  (pid 23365)
Compiled active_admin/components/jquery.aa.popover.js  (340ms)  (pid 23365)
Compiled active_admin/components/jquery.aa.table-checkbox-toggler.js  (398ms)  (pid 23365)
Compiled active_admin/pages/application.js  (262ms)  (pid 23365)
Compiled active_admin/pages/batch_actions.js  (273ms)  (pid 23365)
Compiled active_admin/application.js  (2271ms)  (pid 23365)
Compiled active_admin/print.css  (304ms)  (pid 23365)
Compiled active_admin.js  (0ms)  (pid 23365)
Compiled jquery.js  (3ms)  (pid 23365)
Compiled jquery_ujs.js  (0ms)  (pid 23365)
Compiled bootstrap-transition.js  (0ms)  (pid 23365)
Compiled bootstrap-affix.js  (0ms)  (pid 23365)
Compiled bootstrap-alert.js  (1ms)  (pid 23365)
Compiled bootstrap-button.js  (0ms)  (pid 23365)
Compiled bootstrap-carousel.js  (0ms)  (pid 23365)
Compiled bootstrap-collapse.js  (0ms)  (pid 23365)
Compiled bootstrap-dropdown.js  (0ms)  (pid 23365)
Compiled bootstrap-modal.js  (0ms)  (pid 23365)
Compiled bootstrap-scrollspy.js  (0ms)  (pid 23365)
Compiled bootstrap-tab.js  (0ms)  (pid 23365)
Compiled bootstrap-tooltip.js  (0ms)  (pid 23365)
Compiled bootstrap-popover.js  (1ms)  (pid 23365)
Compiled bootstrap-typeahead.js  (1ms)  (pid 23365)
Compiled bootstrap.js  (337ms)  (pid 23365)
Compiled comments.js  (214ms)  (pid 23365)
Compiled password_resets.js  (211ms)  (pid 23365)
Compiled posts.js  (331ms)  (pid 23365)
Compiled tag.js  (245ms)  (pid 23365)
Compiled user.js  (203ms)  (pid 23365)
Compiled application.js  (1643ms)  (pid 23365)
Compiled active_admin.css  (4506ms)  (pid 23365)
Compiled password_resets.css  (4ms)  (pid 23365)
Compiled posts.css  (7ms)  (pid 23365)
Compiled scaffolds.css  (5122ms)  (pid 23365)
Compiled jquery.ui.core.css  (156ms)  (pid 23365)
Compiled jquery.ui.theme.css  (20ms)  (pid 23365)
Compiled jquery.ui.accordion.css  (44ms)  (pid 23365)
Compiled jquery.ui.menu.css  (8ms)  (pid 23365)
Compiled jquery.ui.autocomplete.css  (28ms)  (pid 23365)
Compiled jquery.ui.button.css  (8ms)  (pid 23365)
Compiled jquery.ui.datepicker.css  (10ms)  (pid 23365)
Compiled jquery.ui.resizable.css  (7ms)  (pid 23365)
Compiled jquery.ui.dialog.css  (35ms)  (pid 23365)
Compiled jquery.ui.progressbar.css  (8ms)  (pid 23365)
Compiled jquery.ui.selectable.css  (6ms)  (pid 23365)
Compiled jquery.ui.slider.css  (7ms)  (pid 23365)
Compiled jquery.ui.spinner.css  (9ms)  (pid 23365)
Compiled jquery.ui.tabs.css  (7ms)  (pid 23365)
Compiled jquery.ui.tooltip.css  (7ms)  (pid 23365)
Compiled jquery.ui.base.css  (748ms)  (pid 23365)
Compiled jquery.ui.all.css  (767ms)  (pid 23365)
Compiled application.css  (6101ms)  (pid 23365)
Compiled active_admin/lib/namespace.js  (252ms)  (pid 23365)
Compiled active_admin/components/jquery.aa.checkbox-toggler.js  (300ms)  (pid 23365)
Compiled active_admin/components/jquery.aa.dropdown-menu.js  (338ms)  (pid 23365)
Compiled active_admin/components/jquery.aa.popover.js  (437ms)  (pid 23365)
Compiled active_admin/components/jquery.aa.table-checkbox-toggler.js  (271ms)  (pid 23365)
Compiled active_admin/pages/application.js  (239ms)  (pid 23365)
Compiled active_admin/pages/batch_actions.js  (296ms)  (pid 23365)
Compiled active_admin/application.js  (2211ms)  (pid 23365)
Compiled active_admin/print.css  (297ms)  (pid 23365)
